Сборка начата 05.10.2016 23:24:07.
     1>Проект "c:\Users\atom\documents\visual studio 2013\Projects\Snake\Snake\Snake.vcxproj" в узле 2 (целевые объекты Build).
     1>ClCompile:
         C:\Program Files (x86)\Microsoft Visual Studio 12.0\VC\bin\CL.exe /c /I"c:\Users\atom\documents\visual studio 2013\Projects\Snake\packages\nupengl.core.0.1.0.1\build\native\../..//build/native/include/" /ZI /nologo /W3 /WX- /sdl /Od /Oy- /D _MBCS /Gm /EHsc /RTC1 /MDd /GS /fp:precise /Zc:wchar_t /Zc:forScope /Fo"Debug\\" /Fd"Debug\vc120.pdb" /Gd /TP /analyze- /errorReport:prompt ..\..\..\..\..\Desktop\main.cpp
         main.cpp
     1>c:\users\atom\desktop\main.cpp(41): warning C4018: <: несоответствие типов со знаком и без знака
     1>c:\users\atom\desktop\main.cpp(93): warning C4305: аргумент: усечение из "double" к "GLfloat"
     1>c:\users\atom\desktop\main.cpp(94): warning C4244: аргумент: преобразование "int" в "GLfloat", возможна потеря данных
     1>c:\users\atom\desktop\main.cpp(95): warning C4305: аргумент: усечение из "double" к "GLfloat"
     1>c:\users\atom\desktop\main.cpp(96): warning C4244: аргумент: преобразование "int" в "GLfloat", возможна потеря данных
     1>c:\users\atom\desktop\main.cpp(97): warning C4305: аргумент: усечение из "double" к "GLfloat"
     1>c:\users\atom\desktop\main.cpp(98): warning C4244: аргумент: преобразование "int" в "GLfloat", возможна потеря данных
     1>c:\users\atom\desktop\main.cpp(107): warning C4018: <: несоответствие типов со знаком и без знака
     1>c:\users\atom\desktop\main.cpp(229): warning C4305: аргумент: усечение из "double" к "GLclampf"
       Link:
         C:\Program Files (x86)\Microsoft Visual Studio 12.0\VC\bin\link.exe /ERRORREPORT:PROMPT /OUT:"c:\users\atom\documents\visual studio 2013\Projects\Snake\Debug\Snake.exe" /INCREMENTAL /NOLOGO "c:\Users\atom\documents\visual studio 2013\Projects\Snake\packages\nupengl.core.0.1.0.1\build\native\../..//build/native/lib/Win32\glew32.lib" "c:\Users\atom\documents\visual studio 2013\Projects\Snake\packages\nupengl.core.0.1.0.1\build\native\../..//build/native/lib/Win32\glfw3dll.lib" "c:\Users\atom\documents\visual studio 2013\Projects\Snake\packages\nupengl.core.0.1.0.1\build\native\../..//build/native/lib/Win32\freeglut.lib" kernel32.lib user32.lib gdi32.lib winspool.lib comdlg32.lib advapi32.lib shell32.lib ole32.lib oleaut32.lib uuid.lib odbc32.lib odbccp32.lib /MANIFEST /MANIFESTUAC:"level='asInvoker' uiAccess='false'" /manifest:embed /DEBUG /PDB:"c:\users\atom\documents\visual studio 2013\Projects\Snake\Debug\Snake.pdb" /TLBID:1 /DYNAMICBASE /NXCOMPAT /IMPLIB:"c:\users\atom\documents\visual studio 2013\Projects\Snake\Debug\Snake.lib" /MACHINE:X86 Debug\main.obj
         Snake.vcxproj -> c:\users\atom\documents\visual studio 2013\Projects\Snake\Debug\Snake.exe
     1>Сборка проекта "c:\Users\atom\documents\visual studio 2013\Projects\Snake\Snake\Snake.vcxproj" завершена (целевые объекты Build).

Сборка успешно завершена.

Затраченное время: 00:00:01.09
